# JRE version: OpenJDK Runtime Environment (8.0_242-b01) (build 1.8.0_242-release-1644-b01)
# Java VM: OpenJDK 64-Bit Server VM (25.242-b01 mixed mode windows-amd64 compressed oops)
Heap:
 PSYoungGen      total 144896K, used 122034K [0x00000000f5580000, 0x0000000100000000, 0x0000000100000000)
  eden space 123392K, 81% used [0x00000000f5580000,0x00000000fb7af4b0,0x00000000fce00000)
  from space 21504K, 99% used [0x00000000feb00000,0x00000000ffffd4b0,0x0000000100000000)
  to   space 25600K, 0% used [0x00000000fce00000,0x00000000fce00000,0x00000000fe700000)
 ParOldGen       total 201216K, used 40276K [0x00000000e0000000, 0x00000000ec480000, 0x00000000f5580000)
  object space 201216K, 20% used [0x00000000e0000000,0x00000000e2755328,0x00000000ec480000)
 Metaspace       used 68131K, capacity 71684K, committed 71704K, reserved 1112064K
  class space    used 9363K, capacity 10020K, committed 10032K, reserved 1048576K
GC Heap History (10 events):
Event: 12.074 GC heap before
{Heap before GC invocations=11 (full 2):
 PSYoungGen      total 161792K, used 160367K [0x00000000f5580000, 0x0000000100000000, 0x0000000100000000)
  eden space 150016K, 100% used [0x00000000f5580000,0x00000000fe800000,0x00000000fe800000)
  from space 11776K, 87% used [0x00000000ff480000,0x00000000ffe9bd58,0x0000000100000000)
  to   space 12288K, 0% used [0x00000000fe800000,0x00000000fe800000,0x00000000ff400000)
 ParOldGen       total 175104K, used 14458K [0x00000000e0000000, 0x00000000eab00000, 0x00000000f5580000)
  object space 175104K, 8% used [0x00000000e0000000,0x00000000e0e1e820,0x00000000eab00000)
 Metaspace       used 51069K, capacity 53086K, committed 53416K, reserved 1095680K
  class space    used 6843K, capacity 7255K, committed 7344K, reserved 1048576K
Event: 12.101 GC heap after
Heap after GC invocations=11 (full 2):
 PSYoungGen      total 162304K, used 12260K [0x00000000f5580000, 0x0000000100000000, 0x0000000100000000)
  eden space 150016K, 0% used [0x00000000f5580000,0x00000000f5580000,0x00000000fe800000)
  from space 12288K, 99% used [0x00000000fe800000,0x00000000ff3f9310,0x00000000ff400000)
  to   space 12288K, 0% used [0x00000000ff400000,0x00000000ff400000,0x0000000100000000)
 ParOldGen       total 175104K, used 26101K [0x00000000e0000000, 0x00000000eab00000, 0x00000000f5580000)
  object space 175104K, 14% used [0x00000000e0000000,0x00000000e197d558,0x00000000eab00000)
 Metaspace       used 51069K, capacity 53086K, committed 53416K, reserved 1095680K
  class space    used 6843K, capacity 7255K, committed 7344K, reserved 1048576K
}
Event: 13.091 GC heap before
{Heap before GC invocations=12 (full 2):
 PSYoungGen      total 162304K, used 93567K [0x00000000f5580000, 0x0000000100000000, 0x0000000100000000)
  eden space 150016K, 54% used [0x00000000f5580000,0x00000000fa4e6a20,0x00000000fe800000)
  from space 12288K, 99% used [0x00000000fe800000,0x00000000ff3f9310,0x00000000ff400000)
  to   space 12288K, 0% used [0x00000000ff400000,0x00000000ff400000,0x0000000100000000)
 ParOldGen       total 175104K, used 26101K [0x00000000e0000000, 0x00000000eab00000, 0x00000000f5580000)
  object space 175104K, 14% used [0x00000000e0000000,0x00000000e197d558,0x00000000eab00000)
 Metaspace       used 56650K, capacity 59006K, committed 59160K, reserved 1099776K
  class space    used 7750K, capacity 8231K, committed 8240K, reserved 1048576K
Event: 13.109 GC heap after
Heap after GC invocations=12 (full 2):
 PSYoungGen      total 144896K, used 12276K [0x00000000f5580000, 0x0000000100000000, 0x0000000100000000)
  eden space 132608K, 0% used [0x00000000f5580000,0x00000000f5580000,0x00000000fd700000)
  from space 12288K, 99% used [0x00000000ff400000,0x00000000ffffd2d0,0x0000000100000000)
  to   space 20992K, 0% used [0x00000000fd700000,0x00000000fd700000,0x00000000feb80000)
 ParOldGen       total 175104K, used 35149K [0x00000000e0000000, 0x00000000eab00000, 0x00000000f5580000)
  object space 175104K, 20% used [0x00000000e0000000,0x00000000e2253778,0x00000000eab00000)
 Metaspace       used 56650K, capacity 59006K, committed 59160K, reserved 1099776K
  class space    used 7750K, capacity 8231K, committed 8240K, reserved 1048576K
}
Event: 13.109 GC heap before
{Heap before GC invocations=13 (full 3):
 PSYoungGen      total 144896K, used 12276K [0x00000000f5580000, 0x0000000100000000, 0x0000000100000000)
  eden space 132608K, 0% used [0x00000000f5580000,0x00000000f5580000,0x00000000fd700000)
  from space 12288K, 99% used [0x00000000ff400000,0x00000000ffffd2d0,0x0000000100000000)
  to   space 20992K, 0% used [0x00000000fd700000,0x00000000fd700000,0x00000000feb80000)
 ParOldGen       total 175104K, used 35149K [0x00000000e0000000, 0x00000000eab00000, 0x00000000f5580000)
  object space 175104K, 20% used [0x00000000e0000000,0x00000000e2253778,0x00000000eab00000)
 Metaspace       used 56650K, capacity 59006K, committed 59160K, reserved 1099776K
  class space    used 7750K, capacity 8231K, committed 8240K, reserved 1048576K
Event: 13.367 GC heap after
Heap after GC invocations=13 (full 3):
 PSYoungGen      total 144896K, used 0K [0x00000000f5580000, 0x0000000100000000, 0x0000000100000000)
  eden space 132608K, 0% used [0x00000000f5580000,0x00000000f5580000,0x00000000fd700000)
  from space 12288K, 0% used [0x00000000ff400000,0x00000000ff400000,0x0000000100000000)
  to   space 20992K, 0% used [0x00000000fd700000,0x00000000fd700000,0x00000000feb80000)
 ParOldGen       total 201216K, used 37112K [0x00000000e0000000, 0x00000000ec480000, 0x00000000f5580000)
  object space 201216K, 18% used [0x00000000e0000000,0x00000000e243e338,0x00000000ec480000)
 Metaspace       used 56605K, capacity 58856K, committed 59160K, reserved 1099776K
  class space    used 7736K, capacity 8206K, committed 8240K, reserved 1048576K
}
Event: 15.025 GC heap before
{Heap before GC invocations=14 (full 3):
 PSYoungGen      total 144896K, used 132599K [0x00000000f5580000, 0x0000000100000000, 0x0000000100000000)
  eden space 132608K, 99% used [0x00000000f5580000,0x00000000fd6fdc78,0x00000000fd700000)
  from space 12288K, 0% used [0x00000000ff400000,0x00000000ff400000,0x0000000100000000)
  to   space 20992K, 0% used [0x00000000fd700000,0x00000000fd700000,0x00000000feb80000)
 ParOldGen       total 201216K, used 37112K [0x00000000e0000000, 0x00000000ec480000, 0x00000000f5580000)
  object space 201216K, 18% used [0x00000000e0000000,0x00000000e243e338,0x00000000ec480000)
 Metaspace       used 63976K, capacity 67458K, committed 67736K, reserved 1107968K
  class space    used 8944K, capacity 9569K, committed 9648K, reserved 1048576K
Event: 15.036 GC heap after
Heap after GC invocations=14 (full 3):
 PSYoungGen      total 148480K, used 15447K [0x00000000f5580000, 0x0000000100000000, 0x0000000100000000)
  eden space 132608K, 0% used [0x00000000f5580000,0x00000000f5580000,0x00000000fd700000)
  from space 15872K, 97% used [0x00000000fd700000,0x00000000fe615cd8,0x00000000fe680000)
  to   space 21504K, 0% used [0x00000000feb00000,0x00000000feb00000,0x0000000100000000)
 ParOldGen       total 201216K, used 37120K [0x00000000e0000000, 0x00000000ec480000, 0x00000000f5580000)
  object space 201216K, 18% used [0x00000000e0000000,0x00000000e2440338,0x00000000ec480000)
 Metaspace       used 63976K, capacity 67458K, committed 67736K, reserved 1107968K
  class space    used 8944K, capacity 9569K, committed 9648K, reserved 1048576K
}
Event: 16.856 GC heap before
{Heap before GC invocations=15 (full 3):
 PSYoungGen      total 148480K, used 148055K [0x00000000f5580000, 0x0000000100000000, 0x0000000100000000)
  eden space 132608K, 100% used [0x00000000f5580000,0x00000000fd700000,0x00000000fd700000)
  from space 15872K, 97% used [0x00000000fd700000,0x00000000fe615cd8,0x00000000fe680000)
  to   space 21504K, 0% used [0x00000000feb00000,0x00000000feb00000,0x0000000100000000)
 ParOldGen       total 201216K, used 37120K [0x00000000e0000000, 0x00000000ec480000, 0x00000000f5580000)
  object space 201216K, 18% used [0x00000000e0000000,0x00000000e2440338,0x00000000ec480000)
 Metaspace       used 65691K, capacity 69186K, committed 69400K, reserved 1110016K
  class space    used 9088K, capacity 9727K, committed 9776K, reserved 1048576K
Event: 16.872 GC heap after
Heap after GC invocations=15 (full 3):
 PSYoungGen      total 144896K, used 21493K [0x00000000f5580000, 0x0000000100000000, 0x0000000100000000)
  eden space 123392K, 0% used [0x00000000f5580000,0x00000000f5580000,0x00000000fce00000)
  from space 21504K, 99% used [0x00000000feb00000,0x00000000ffffd4b0,0x0000000100000000)
  to   space 25600K, 0% used [0x00000000fce00000,0x00000000fce00000,0x00000000fe700000)
 ParOldGen       total 201216K, used 40276K [0x00000000e0000000, 0x00000000ec480000, 0x00000000f5580000)
  object space 201216K, 20% used [0x00000000e0000000,0x00000000e2755328,0x00000000ec480000)
 Metaspace       used 65691K, capacity 69186K, committed 69400K, reserved 1110016K
  class space    used 9088K, capacity 9727K, committed 9776K, reserved 1048576K
}

