# JRE version: Java(TM) SE Runtime Environment (15.0+36) (build 15+36-1562)
# Java VM: Java HotSpot(TM) 64-Bit Server VM (15+36-1562, mixed mode, sharing, tiered, compressed oops, g1 gc, windows-amd64)
GC Precious Log:
 CPUs: 8 total, 8 available
 Memory: 8069M
 Large Page Support: Disabled
 NUMA Support: Disabled
 Compressed Oops: Enabled (32-bit)
 Heap Region Size: 1M
 Heap Min Capacity: 8M
 Heap Initial Capacity: 128M
 Heap Max Capacity: 2G
 Pre-touch: Disabled
 Parallel Workers: 8
 Concurrent Workers: 2
 Concurrent Refinement Workers: 8
 Periodic GC: Disabled
Heap:
 garbage-first heap   total 103424K, used 55353K [0x0000000080000000, 0x0000000100000000)
  region size 1024K, 10 young (10240K), 3 survivors (3072K)
 Metaspace       used 47883K, capacity 48712K, committed 49020K, reserved 1091584K
  class space    used 6179K, capacity 6412K, committed 6524K, reserved 1048576K
GC Heap History (20 events):
Event: 2.218 GC heap before
{Heap before GC invocations=3 (full 0):
 garbage-first heap   total 131072K, used 29065K [0x0000000080000000, 0x0000000100000000)
  region size 1024K, 22 young (22528K), 10 survivors (10240K)
 Metaspace       used 20829K, capacity 21211K, committed 21248K, reserved 1067008K
  class space    used 2939K, capacity 3058K, committed 3072K, reserved 1048576K
}
Event: 2.223 GC heap after
{Heap after GC invocations=4 (full 0):
 garbage-first heap   total 131072K, used 19009K [0x0000000080000000, 0x0000000100000000)
  region size 1024K, 2 young (2048K), 2 survivors (2048K)
 Metaspace       used 20829K, capacity 21211K, committed 21248K, reserved 1067008K
  class space    used 2939K, capacity 3058K, committed 3072K, reserved 1048576K
}
Event: 2.804 GC heap before
{Heap before GC invocations=5 (full 0):
 garbage-first heap   total 71680K, used 62017K [0x0000000080000000, 0x0000000100000000)
  region size 1024K, 42 young (43008K), 2 survivors (2048K)
 Metaspace       used 29841K, capacity 30289K, committed 30588K, reserved 1075200K
  class space    used 3971K, capacity 4160K, committed 4220K, reserved 1048576K
}
Event: 2.809 GC heap after
{Heap after GC invocations=6 (full 0):
 garbage-first heap   total 86016K, used 22235K [0x0000000080000000, 0x0000000100000000)
  region size 1024K, 5 young (5120K), 5 survivors (5120K)
 Metaspace       used 29841K, capacity 30289K, committed 30588K, reserved 1075200K
  class space    used 3971K, capacity 4160K, committed 4220K, reserved 1048576K
}
Event: 3.315 GC heap before
{Heap before GC invocations=6 (full 0):
 garbage-first heap   total 86016K, used 62171K [0x0000000080000000, 0x0000000100000000)
  region size 1024K, 44 young (45056K), 5 survivors (5120K)
 Metaspace       used 33783K, capacity 34370K, committed 34684K, reserved 1079296K
  class space    used 4489K, capacity 4665K, committed 4732K, reserved 1048576K
}
Event: 3.321 GC heap after
{Heap after GC invocations=7 (full 0):
 garbage-first heap   total 86016K, used 26170K [0x0000000080000000, 0x0000000100000000)
  region size 1024K, 4 young (4096K), 4 survivors (4096K)
 Metaspace       used 33783K, capacity 34370K, committed 34684K, reserved 1079296K
  class space    used 4489K, capacity 4665K, committed 4732K, reserved 1048576K
}
Event: 3.714 GC heap before
{Heap before GC invocations=7 (full 0):
 garbage-first heap   total 86016K, used 69178K [0x0000000080000000, 0x0000000100000000)
  region size 1024K, 40 young (40960K), 4 survivors (4096K)
 Metaspace       used 35114K, capacity 35752K, committed 35964K, reserved 1081344K
  class space    used 4659K, capacity 4866K, committed 4988K, reserved 1048576K
}
Event: 3.719 GC heap after
{Heap after GC invocations=8 (full 0):
 garbage-first heap   total 86016K, used 40553K [0x0000000080000000, 0x0000000100000000)
  region size 1024K, 5 young (5120K), 5 survivors (5120K)
 Metaspace       used 35114K, capacity 35752K, committed 35964K, reserved 1081344K
  class space    used 4659K, capacity 4866K, committed 4988K, reserved 1048576K
}
Event: 3.777 GC heap before
{Heap before GC invocations=8 (full 0):
 garbage-first heap   total 86016K, used 44649K [0x0000000080000000, 0x0000000100000000)
  region size 1024K, 10 young (10240K), 5 survivors (5120K)
 Metaspace       used 35284K, capacity 35862K, committed 36048K, reserved 1081344K
  class space    used 4682K, capacity 4876K, committed 4988K, reserved 1048576K
}
Event: 3.779 GC heap after
{Heap after GC invocations=9 (full 0):
 garbage-first heap   total 86016K, used 42321K [0x0000000080000000, 0x0000000100000000)
  region size 1024K, 2 young (2048K), 2 survivors (2048K)
 Metaspace       used 35284K, capacity 35862K, committed 36048K, reserved 1081344K
  class space    used 4682K, capacity 4876K, committed 4988K, reserved 1048576K
}
Event: 3.986 GC heap before
{Heap before GC invocations=10 (full 0):
 garbage-first heap   total 86016K, used 57681K [0x0000000080000000, 0x0000000100000000)
  region size 1024K, 17 young (17408K), 2 survivors (2048K)
 Metaspace       used 37467K, capacity 38202K, committed 38268K, reserved 1083392K
  class space    used 4990K, capacity 5203K, committed 5244K, reserved 1048576K
}
Event: 3.988 GC heap after
{Heap after GC invocations=11 (full 0):
 garbage-first heap   total 86016K, used 43027K [0x0000000080000000, 0x0000000100000000)
  region size 1024K, 1 young (1024K), 1 survivors (1024K)
 Metaspace       used 37467K, capacity 38202K, committed 38268K, reserved 1083392K
  class space    used 4990K, capacity 5203K, committed 5244K, reserved 1048576K
}
Event: 4.216 GC heap before
{Heap before GC invocations=11 (full 0):
 garbage-first heap   total 86016K, used 60435K [0x0000000080000000, 0x0000000100000000)
  region size 1024K, 18 young (18432K), 1 survivors (1024K)
 Metaspace       used 41601K, capacity 42355K, committed 42620K, reserved 1085440K
  class space    used 5441K, capacity 5690K, committed 5756K, reserved 1048576K
}
Event: 4.218 GC heap after
{Heap after GC invocations=12 (full 0):
 garbage-first heap   total 86016K, used 43863K [0x0000000080000000, 0x0000000100000000)
  region size 1024K, 2 young (2048K), 2 survivors (2048K)
 Metaspace       used 41601K, capacity 42355K, committed 42620K, reserved 1085440K
  class space    used 5441K, capacity 5690K, committed 5756K, reserved 1048576K
}
Event: 4.440 GC heap before
{Heap before GC invocations=13 (full 0):
 garbage-first heap   total 86016K, used 61271K [0x0000000080000000, 0x0000000100000000)
  region size 1024K, 20 young (20480K), 2 survivors (2048K)
 Metaspace       used 44492K, capacity 45314K, committed 45564K, reserved 1089536K
  class space    used 5774K, capacity 6013K, committed 6140K, reserved 1048576K
}
Event: 4.444 GC heap after
{Heap after GC invocations=14 (full 0):
 garbage-first heap   total 86016K, used 46127K [0x0000000080000000, 0x0000000100000000)
  region size 1024K, 3 young (3072K), 3 survivors (3072K)
 Metaspace       used 44492K, capacity 45314K, committed 45564K, reserved 1089536K
  class space    used 5774K, capacity 6013K, committed 6140K, reserved 1048576K
}
Event: 4.612 GC heap before
{Heap before GC invocations=14 (full 0):
 garbage-first heap   total 86016K, used 63535K [0x0000000080000000, 0x0000000100000000)
  region size 1024K, 21 young (21504K), 3 survivors (3072K)
 Metaspace       used 45940K, capacity 46744K, committed 46972K, reserved 1089536K
  class space    used 5964K, capacity 6185K, committed 6268K, reserved 1048576K
}
Event: 4.615 GC heap after
{Heap after GC invocations=15 (full 0):
 garbage-first heap   total 103424K, used 47459K [0x0000000080000000, 0x0000000100000000)
  region size 1024K, 2 young (2048K), 2 survivors (2048K)
 Metaspace       used 45940K, capacity 46744K, committed 46972K, reserved 1089536K
  class space    used 5964K, capacity 6185K, committed 6268K, reserved 1048576K
}
Event: 4.746 GC heap before
{Heap before GC invocations=16 (full 0):
 garbage-first heap   total 103424K, used 57699K [0x0000000080000000, 0x0000000100000000)
  region size 1024K, 13 young (13312K), 2 survivors (2048K)
 Metaspace       used 47190K, capacity 47998K, committed 48124K, reserved 1091584K
  class space    used 6113K, capacity 6346K, committed 6396K, reserved 1048576K
}
Event: 4.748 GC heap after
{Heap after GC invocations=17 (full 0):
 garbage-first heap   total 103424K, used 48185K [0x0000000080000000, 0x0000000100000000)
  region size 1024K, 3 young (3072K), 3 survivors (3072K)
 Metaspace       used 47190K, capacity 47998K, committed 48124K, reserved 1091584K
  class space    used 6113K, capacity 6346K, committed 6396K, reserved 1048576K
}

