# JRE version: Java(TM) SE Runtime Environment (15.0+36) (build 15+36-1562)
# Java VM: Java HotSpot(TM) 64-Bit Server VM (15+36-1562, mixed mode, sharing, tiered, compressed oops, g1 gc, windows-amd64)
GC Precious Log:
 CPUs: 8 total, 8 available
 Memory: 8069M
 Large Page Support: Disabled
 NUMA Support: Disabled
 Compressed Oops: Enabled (32-bit)
 Heap Region Size: 1M
 Heap Min Capacity: 8M
 Heap Initial Capacity: 128M
 Heap Max Capacity: 2G
 Pre-touch: Disabled
 Parallel Workers: 8
 Concurrent Workers: 2
 Concurrent Refinement Workers: 8
 Periodic GC: Disabled
Heap:
 garbage-first heap   total 97280K, used 46599K [0x0000000080000000, 0x0000000100000000)
  region size 1024K, 3 young (3072K), 3 survivors (3072K)
 Metaspace       used 44679K, capacity 45409K, committed 45564K, reserved 1089536K
  class space    used 5802K, capacity 6045K, committed 6140K, reserved 1048576K
GC Heap History (20 events):
Event: 0.825 GC heap after
{Heap after GC invocations=2 (full 0):
 garbage-first heap   total 131072K, used 12651K [0x0000000080000000, 0x0000000100000000)
  region size 1024K, 4 young (4096K), 4 survivors (4096K)
 Metaspace       used 4145K, capacity 6653K, committed 6656K, reserved 1056768K
  class space    used 507K, capacity 767K, committed 768K, reserved 1048576K
}
Event: 2.032 GC heap before
{Heap before GC invocations=2 (full 0):
 garbage-first heap   total 131072K, used 86379K [0x0000000080000000, 0x0000000100000000)
  region size 1024K, 76 young (77824K), 4 survivors (4096K)
 Metaspace       used 19127K, capacity 19494K, committed 19840K, reserved 1067008K
  class space    used 2665K, capacity 2829K, committed 2944K, reserved 1048576K
}
Event: 2.037 GC heap after
{Heap after GC invocations=3 (full 0):
 garbage-first heap   total 131072K, used 17808K [0x0000000080000000, 0x0000000100000000)
  region size 1024K, 10 young (10240K), 10 survivors (10240K)
 Metaspace       used 19127K, capacity 19494K, committed 19840K, reserved 1067008K
  class space    used 2665K, capacity 2829K, committed 2944K, reserved 1048576K
}
Event: 2.173 GC heap before
{Heap before GC invocations=3 (full 0):
 garbage-first heap   total 131072K, used 28048K [0x0000000080000000, 0x0000000100000000)
  region size 1024K, 21 young (21504K), 10 survivors (10240K)
 Metaspace       used 20814K, capacity 21211K, committed 21248K, reserved 1067008K
  class space    used 2933K, capacity 3058K, committed 3072K, reserved 1048576K
}
Event: 2.178 GC heap after
{Heap after GC invocations=4 (full 0):
 garbage-first heap   total 131072K, used 18688K [0x0000000080000000, 0x0000000100000000)
  region size 1024K, 1 young (1024K), 1 survivors (1024K)
 Metaspace       used 20814K, capacity 21211K, committed 21248K, reserved 1067008K
  class space    used 2933K, capacity 3058K, committed 3072K, reserved 1048576K
}
Event: 2.700 GC heap before
{Heap before GC invocations=5 (full 0):
 garbage-first heap   total 68608K, used 61696K [0x0000000080000000, 0x0000000100000000)
  region size 1024K, 40 young (40960K), 1 survivors (1024K)
 Metaspace       used 29743K, capacity 30257K, committed 30588K, reserved 1075200K
  class space    used 3951K, capacity 4128K, committed 4220K, reserved 1048576K
}
Event: 2.704 GC heap after
{Heap after GC invocations=6 (full 0):
 garbage-first heap   total 68608K, used 22203K [0x0000000080000000, 0x0000000100000000)
  region size 1024K, 5 young (5120K), 5 survivors (5120K)
 Metaspace       used 29743K, capacity 30257K, committed 30588K, reserved 1075200K
  class space    used 3951K, capacity 4128K, committed 4220K, reserved 1048576K
}
Event: 2.981 GC heap before
{Heap before GC invocations=6 (full 0):
 garbage-first heap   total 68608K, used 49851K [0x0000000080000000, 0x0000000100000000)
  region size 1024K, 32 young (32768K), 5 survivors (5120K)
 Metaspace       used 32167K, capacity 32681K, committed 33020K, reserved 1077248K
  class space    used 4303K, capacity 4465K, committed 4604K, reserved 1048576K
}
Event: 2.985 GC heap after
{Heap after GC invocations=7 (full 0):
 garbage-first heap   total 68608K, used 24932K [0x0000000080000000, 0x0000000100000000)
  region size 1024K, 3 young (3072K), 3 survivors (3072K)
 Metaspace       used 32167K, capacity 32681K, committed 33020K, reserved 1077248K
  class space    used 4303K, capacity 4465K, committed 4604K, reserved 1048576K
}
Event: 3.354 GC heap before
{Heap before GC invocations=7 (full 0):
 garbage-first heap   total 68608K, used 50532K [0x0000000080000000, 0x0000000100000000)
  region size 1024K, 28 young (28672K), 3 survivors (3072K)
 Metaspace       used 34534K, capacity 35142K, committed 35324K, reserved 1079296K
  class space    used 4590K, capacity 4794K, committed 4860K, reserved 1048576K
}
Event: 3.358 GC heap after
{Heap after GC invocations=8 (full 0):
 garbage-first heap   total 68608K, used 27156K [0x0000000080000000, 0x0000000100000000)
  region size 1024K, 3 young (3072K), 3 survivors (3072K)
 Metaspace       used 34534K, capacity 35142K, committed 35324K, reserved 1079296K
  class space    used 4590K, capacity 4794K, committed 4860K, reserved 1048576K
}
Event: 3.643 GC heap before
{Heap before GC invocations=8 (full 0):
 garbage-first heap   total 68608K, used 53780K [0x0000000080000000, 0x0000000100000000)
  region size 1024K, 25 young (25600K), 3 survivors (3072K)
 Metaspace       used 35187K, capacity 35786K, committed 35964K, reserved 1081344K
  class space    used 4670K, capacity 4872K, committed 4988K, reserved 1048576K
}
Event: 3.647 GC heap after
{Heap after GC invocations=9 (full 0):
 garbage-first heap   total 68608K, used 41931K [0x0000000080000000, 0x0000000100000000)
  region size 1024K, 4 young (4096K), 4 survivors (4096K)
 Metaspace       used 35187K, capacity 35786K, committed 35964K, reserved 1081344K
  class space    used 4670K, capacity 4872K, committed 4988K, reserved 1048576K
}
Event: 3.762 GC heap before
{Heap before GC invocations=10 (full 0):
 garbage-first heap   total 75776K, used 51147K [0x0000000080000000, 0x0000000100000000)
  region size 1024K, 14 young (14336K), 4 survivors (4096K)
 Metaspace       used 36602K, capacity 37271K, committed 37372K, reserved 1081344K
  class space    used 4863K, capacity 5046K, committed 5116K, reserved 1048576K
}
Event: 3.765 GC heap after
{Heap after GC invocations=11 (full 0):
 garbage-first heap   total 75776K, used 42895K [0x0000000080000000, 0x0000000100000000)
  region size 1024K, 1 young (1024K), 1 survivors (1024K)
 Metaspace       used 36602K, capacity 37271K, committed 37372K, reserved 1081344K
  class space    used 4863K, capacity 5046K, committed 5116K, reserved 1048576K
}
Event: 3.927 GC heap before
{Heap before GC invocations=11 (full 0):
 garbage-first heap   total 75776K, used 56207K [0x0000000080000000, 0x0000000100000000)
  region size 1024K, 15 young (15360K), 1 survivors (1024K)
 Metaspace       used 38971K, capacity 39737K, committed 40060K, reserved 1083392K
  class space    used 5171K, capacity 5395K, committed 5500K, reserved 1048576K
}
Event: 3.929 GC heap after
{Heap after GC invocations=12 (full 0):
 garbage-first heap   total 75776K, used 43377K [0x0000000080000000, 0x0000000100000000)
  region size 1024K, 2 young (2048K), 2 survivors (2048K)
 Metaspace       used 38971K, capacity 39737K, committed 40060K, reserved 1083392K
  class space    used 5171K, capacity 5395K, committed 5500K, reserved 1048576K
}
Event: 4.134 GC heap before
{Heap before GC invocations=13 (full 0):
 garbage-first heap   total 80896K, used 58737K [0x0000000080000000, 0x0000000100000000)
  region size 1024K, 17 young (17408K), 2 survivors (2048K)
 Metaspace       used 42633K, capacity 43419K, committed 43516K, reserved 1087488K
  class space    used 5553K, capacity 5788K, committed 5884K, reserved 1048576K
}
Event: 4.137 GC heap after
{Heap after GC invocations=14 (full 0):
 garbage-first heap   total 80896K, used 44325K [0x0000000080000000, 0x0000000100000000)
  region size 1024K, 2 young (2048K), 2 survivors (2048K)
 Metaspace       used 42633K, capacity 43419K, committed 43516K, reserved 1087488K
  class space    used 5553K, capacity 5788K, committed 5884K, reserved 1048576K
}
Event: 4.316 GC heap before
{Heap before GC invocations=14 (full 0):
 garbage-first heap   total 80896K, used 62757K [0x0000000080000000, 0x0000000100000000)
  region size 1024K, 21 young (21504K), 2 survivors (2048K)
 Metaspace       used 44679K, capacity 45409K, committed 45564K, reserved 1089536K
  class space    used 5802K, capacity 6045K, committed 6140K, reserved 1048576K
}

