# JRE version: Java(TM) SE Runtime Environment (15.0+36) (build 15+36-1562)
# Java VM: Java HotSpot(TM) 64-Bit Server VM (15+36-1562, mixed mode, sharing, tiered, compressed oops, g1 gc, windows-amd64)
GC Precious Log:
 CPUs: 8 total, 8 available
 Memory: 8069M
 Large Page Support: Disabled
 NUMA Support: Disabled
 Compressed Oops: Enabled (32-bit)
 Heap Region Size: 1M
 Heap Min Capacity: 8M
 Heap Initial Capacity: 128M
 Heap Max Capacity: 2G
 Pre-touch: Disabled
 Parallel Workers: 8
 Concurrent Workers: 2
 Concurrent Refinement Workers: 8
 Periodic GC: Disabled
Heap:
 garbage-first heap   total 91136K, used 49483K [0x0000000080000000, 0x0000000100000000)
  region size 1024K, 4 young (4096K), 3 survivors (3072K)
 Metaspace       used 50855K, capacity 51622K, committed 51836K, reserved 1093632K
  class space    used 6513K, capacity 6741K, committed 6780K, reserved 1048576K
GC Heap History (20 events):
Event: 2.620 GC heap before
{Heap before GC invocations=5 (full 0):
 garbage-first heap   total 68608K, used 61955K [0x0000000080000000, 0x0000000100000000)
  region size 1024K, 40 young (40960K), 1 survivors (1024K)
 Metaspace       used 29760K, capacity 30254K, committed 30588K, reserved 1075200K
  class space    used 3956K, capacity 4127K, committed 4220K, reserved 1048576K
}
Event: 2.625 GC heap after
{Heap after GC invocations=6 (full 0):
 garbage-first heap   total 82944K, used 22329K [0x0000000080000000, 0x0000000100000000)
  region size 1024K, 5 young (5120K), 5 survivors (5120K)
 Metaspace       used 29760K, capacity 30254K, committed 30588K, reserved 1075200K
  class space    used 3956K, capacity 4127K, committed 4220K, reserved 1048576K
}
Event: 3.062 GC heap before
{Heap before GC invocations=6 (full 0):
 garbage-first heap   total 82944K, used 60217K [0x0000000080000000, 0x0000000100000000)
  region size 1024K, 42 young (43008K), 5 survivors (5120K)
 Metaspace       used 33605K, capacity 34174K, committed 34428K, reserved 1079296K
  class space    used 4478K, capacity 4664K, committed 4732K, reserved 1048576K
}
Event: 3.067 GC heap after
{Heap after GC invocations=7 (full 0):
 garbage-first heap   total 82944K, used 25677K [0x0000000080000000, 0x0000000100000000)
  region size 1024K, 4 young (4096K), 4 survivors (4096K)
 Metaspace       used 33605K, capacity 34174K, committed 34428K, reserved 1079296K
  class space    used 4478K, capacity 4664K, committed 4732K, reserved 1048576K
}
Event: 3.477 GC heap before
{Heap before GC invocations=7 (full 0):
 garbage-first heap   total 82944K, used 60493K [0x0000000080000000, 0x0000000100000000)
  region size 1024K, 38 young (38912K), 4 survivors (4096K)
 Metaspace       used 35086K, capacity 35717K, committed 35836K, reserved 1081344K
  class space    used 4654K, capacity 4833K, committed 4860K, reserved 1048576K
}
Event: 3.482 GC heap after
{Heap after GC invocations=8 (full 0):
 garbage-first heap   total 82944K, used 32681K [0x0000000080000000, 0x0000000100000000)
  region size 1024K, 5 young (5120K), 5 survivors (5120K)
 Metaspace       used 35086K, capacity 35717K, committed 35836K, reserved 1081344K
  class space    used 4654K, capacity 4833K, committed 4860K, reserved 1048576K
}
Event: 3.575 GC heap before
{Heap before GC invocations=8 (full 0):
 garbage-first heap   total 82944K, used 43945K [0x0000000080000000, 0x0000000100000000)
  region size 1024K, 13 young (13312K), 5 survivors (5120K)
 Metaspace       used 35257K, capacity 35859K, committed 36048K, reserved 1081344K
  class space    used 4679K, capacity 4875K, committed 4988K, reserved 1048576K
}
Event: 3.578 GC heap after
{Heap after GC invocations=9 (full 0):
 garbage-first heap   total 82944K, used 42499K [0x0000000080000000, 0x0000000100000000)
  region size 1024K, 4 young (4096K), 4 survivors (4096K)
 Metaspace       used 35257K, capacity 35859K, committed 36048K, reserved 1081344K
  class space    used 4679K, capacity 4875K, committed 4988K, reserved 1048576K
}
Event: 3.747 GC heap before
{Heap before GC invocations=10 (full 0):
 garbage-first heap   total 82944K, used 56835K [0x0000000080000000, 0x0000000100000000)
  region size 1024K, 19 young (19456K), 4 survivors (4096K)
 Metaspace       used 37409K, capacity 38094K, committed 38268K, reserved 1083392K
  class space    used 4982K, capacity 5167K, committed 5244K, reserved 1048576K
}
Event: 3.749 GC heap after
{Heap after GC invocations=11 (full 0):
 garbage-first heap   total 82944K, used 43508K [0x0000000080000000, 0x0000000100000000)
  region size 1024K, 1 young (1024K), 1 survivors (1024K)
 Metaspace       used 37409K, capacity 38094K, committed 38268K, reserved 1083392K
  class space    used 4982K, capacity 5167K, committed 5244K, reserved 1048576K
}
Event: 3.930 GC heap before
{Heap before GC invocations=11 (full 0):
 garbage-first heap   total 82944K, used 57844K [0x0000000080000000, 0x0000000100000000)
  region size 1024K, 16 young (16384K), 1 survivors (1024K)
 Metaspace       used 41100K, capacity 41807K, committed 41980K, reserved 1085440K
  class space    used 5402K, capacity 5593K, committed 5628K, reserved 1048576K
}
Event: 3.932 GC heap after
{Heap after GC invocations=12 (full 0):
 garbage-first heap   total 82944K, used 44174K [0x0000000080000000, 0x0000000100000000)
  region size 1024K, 2 young (2048K), 2 survivors (2048K)
 Metaspace       used 41100K, capacity 41807K, committed 41980K, reserved 1085440K
  class space    used 5402K, capacity 5593K, committed 5628K, reserved 1048576K
}
Event: 4.132 GC heap before
{Heap before GC invocations=13 (full 0):
 garbage-first heap   total 82944K, used 60558K [0x0000000080000000, 0x0000000100000000)
  region size 1024K, 18 young (18432K), 2 survivors (2048K)
 Metaspace       used 44466K, capacity 45310K, committed 45564K, reserved 1089536K
  class space    used 5774K, capacity 6012K, committed 6140K, reserved 1048576K
}
Event: 4.135 GC heap after
{Heap after GC invocations=14 (full 0):
 garbage-first heap   total 82944K, used 45554K [0x0000000080000000, 0x0000000100000000)
  region size 1024K, 3 young (3072K), 3 survivors (3072K)
 Metaspace       used 44466K, capacity 45310K, committed 45564K, reserved 1089536K
  class space    used 5774K, capacity 6012K, committed 6140K, reserved 1048576K
}
Event: 4.252 GC heap before
{Heap before GC invocations=14 (full 0):
 garbage-first heap   total 82944K, used 60914K [0x0000000080000000, 0x0000000100000000)
  region size 1024K, 19 young (19456K), 3 survivors (3072K)
 Metaspace       used 45242K, capacity 46064K, committed 46332K, reserved 1089536K
  class space    used 5877K, capacity 6111K, committed 6140K, reserved 1048576K
}
Event: 4.255 GC heap after
{Heap after GC invocations=15 (full 0):
 garbage-first heap   total 82944K, used 47207K [0x0000000080000000, 0x0000000100000000)
  region size 1024K, 3 young (3072K), 3 survivors (3072K)
 Metaspace       used 45242K, capacity 46064K, committed 46332K, reserved 1089536K
  class space    used 5877K, capacity 6111K, committed 6140K, reserved 1048576K
}
Event: 4.406 GC heap before
{Heap before GC invocations=16 (full 0):
 garbage-first heap   total 87040K, used 63591K [0x0000000080000000, 0x0000000100000000)
  region size 1024K, 19 young (19456K), 3 survivors (3072K)
 Metaspace       used 47073K, capacity 47866K, committed 48124K, reserved 1091584K
  class space    used 6107K, capacity 6345K, committed 6396K, reserved 1048576K
}
Event: 4.409 GC heap after
{Heap after GC invocations=17 (full 0):
 garbage-first heap   total 87040K, used 48606K [0x0000000080000000, 0x0000000100000000)
  region size 1024K, 2 young (2048K), 2 survivors (2048K)
 Metaspace       used 47073K, capacity 47866K, committed 48124K, reserved 1091584K
  class space    used 6107K, capacity 6345K, committed 6396K, reserved 1048576K
}
Event: 4.416 GC heap before
{Heap before GC invocations=17 (full 0):
 garbage-first heap   total 87040K, used 48606K [0x0000000080000000, 0x0000000100000000)
  region size 1024K, 3 young (3072K), 2 survivors (2048K)
 Metaspace       used 47145K, capacity 47930K, committed 48124K, reserved 1091584K
  class space    used 6113K, capacity 6345K, committed 6396K, reserved 1048576K
}
Event: 4.418 GC heap after
{Heap after GC invocations=18 (full 0):
 garbage-first heap   total 87040K, used 48657K [0x0000000080000000, 0x0000000100000000)
  region size 1024K, 2 young (2048K), 2 survivors (2048K)
 Metaspace       used 47145K, capacity 47930K, committed 48124K, reserved 1091584K
  class space    used 6113K, capacity 6345K, committed 6396K, reserved 1048576K
}

