# JRE version: Java(TM) SE Runtime Environment (15.0+36) (build 15+36-1562)
# Java VM: Java HotSpot(TM) 64-Bit Server VM (15+36-1562, mixed mode, sharing, tiered, compressed oops, g1 gc, windows-amd64)
GC Precious Log:
 CPUs: 8 total, 8 available
 Memory: 8069M
 Large Page Support: Disabled
 NUMA Support: Disabled
 Compressed Oops: Enabled (32-bit)
 Heap Region Size: 1M
 Heap Min Capacity: 8M
 Heap Initial Capacity: 128M
 Heap Max Capacity: 2G
 Pre-touch: Disabled
 Parallel Workers: 8
 Concurrent Workers: 2
 Concurrent Refinement Workers: 8
 Periodic GC: Disabled
Heap:
 garbage-first heap   total 116736K, used 61562K [0x0000000080000000, 0x0000000100000000)
  region size 1024K, 5 young (5120K), 3 survivors (3072K)
 Metaspace       used 63118K, capacity 63975K, committed 64380K, reserved 1105920K
  class space    used 7985K, capacity 8229K, committed 8316K, reserved 1048576K
GC Heap History (20 events):
Event: 3.810 GC heap before
{Heap before GC invocations=10 (full 0):
 garbage-first heap   total 82944K, used 57763K [0x0000000080000000, 0x0000000100000000)
  region size 1024K, 20 young (20480K), 5 survivors (5120K)
 Metaspace       used 37365K, capacity 38134K, committed 38268K, reserved 1083392K
  class space    used 4985K, capacity 5202K, committed 5244K, reserved 1048576K
}
Event: 3.813 GC heap after
{Heap after GC invocations=11 (full 0):
 garbage-first heap   total 82944K, used 44362K [0x0000000080000000, 0x0000000100000000)
  region size 1024K, 1 young (1024K), 1 survivors (1024K)
 Metaspace       used 37365K, capacity 38134K, committed 38268K, reserved 1083392K
  class space    used 4985K, capacity 5202K, committed 5244K, reserved 1048576K
}
Event: 4.030 GC heap before
{Heap before GC invocations=11 (full 0):
 garbage-first heap   total 82944K, used 60746K [0x0000000080000000, 0x0000000100000000)
  region size 1024K, 17 young (17408K), 1 survivors (1024K)
 Metaspace       used 41326K, capacity 42064K, committed 42236K, reserved 1085440K
  class space    used 5412K, capacity 5593K, committed 5628K, reserved 1048576K
}
Event: 4.032 GC heap after
{Heap after GC invocations=12 (full 0):
 garbage-first heap   total 82944K, used 45158K [0x0000000080000000, 0x0000000100000000)
  region size 1024K, 2 young (2048K), 2 survivors (2048K)
 Metaspace       used 41326K, capacity 42064K, committed 42236K, reserved 1085440K
  class space    used 5412K, capacity 5593K, committed 5628K, reserved 1048576K
}
Event: 4.306 GC heap before
{Heap before GC invocations=13 (full 0):
 garbage-first heap   total 82944K, used 61542K [0x0000000080000000, 0x0000000100000000)
  region size 1024K, 19 young (19456K), 2 survivors (2048K)
 Metaspace       used 44446K, capacity 45311K, committed 45564K, reserved 1089536K
  class space    used 5771K, capacity 6012K, committed 6140K, reserved 1048576K
}
Event: 4.309 GC heap after
{Heap after GC invocations=14 (full 0):
 garbage-first heap   total 82944K, used 46532K [0x0000000080000000, 0x0000000100000000)
  region size 1024K, 3 young (3072K), 3 survivors (3072K)
 Metaspace       used 44446K, capacity 45311K, committed 45564K, reserved 1089536K
  class space    used 5771K, capacity 6012K, committed 6140K, reserved 1048576K
}
Event: 4.460 GC heap before
{Heap before GC invocations=14 (full 0):
 garbage-first heap   total 82944K, used 61892K [0x0000000080000000, 0x0000000100000000)
  region size 1024K, 19 young (19456K), 3 survivors (3072K)
 Metaspace       used 45442K, capacity 46255K, committed 46460K, reserved 1089536K
  class space    used 5906K, capacity 6151K, committed 6268K, reserved 1048576K
}
Event: 4.464 GC heap after
{Heap after GC invocations=15 (full 0):
 garbage-first heap   total 82944K, used 48094K [0x0000000080000000, 0x0000000100000000)
  region size 1024K, 3 young (3072K), 3 survivors (3072K)
 Metaspace       used 45442K, capacity 46255K, committed 46460K, reserved 1089536K
  class space    used 5906K, capacity 6151K, committed 6268K, reserved 1048576K
}
Event: 4.613 GC heap before
{Heap before GC invocations=16 (full 0):
 garbage-first heap   total 87040K, used 62430K [0x0000000080000000, 0x0000000100000000)
  region size 1024K, 18 young (18432K), 3 survivors (3072K)
 Metaspace       used 47137K, capacity 47995K, committed 48124K, reserved 1091584K
  class space    used 6111K, capacity 6345K, committed 6396K, reserved 1048576K
}
Event: 4.616 GC heap after
{Heap after GC invocations=17 (full 0):
 garbage-first heap   total 87040K, used 49508K [0x0000000080000000, 0x0000000100000000)
  region size 1024K, 2 young (2048K), 2 survivors (2048K)
 Metaspace       used 47137K, capacity 47995K, committed 48124K, reserved 1091584K
  class space    used 6111K, capacity 6345K, committed 6396K, reserved 1048576K
}
Event: 5.008 GC heap before
{Heap before GC invocations=18 (full 0):
 garbage-first heap   total 92160K, used 68964K [0x0000000080000000, 0x0000000100000000)
  region size 1024K, 20 young (20480K), 2 survivors (2048K)
 Metaspace       used 50951K, capacity 51719K, committed 51836K, reserved 1093632K
  class space    used 6519K, capacity 6709K, committed 6780K, reserved 1048576K
}
Event: 5.011 GC heap after
{Heap after GC invocations=19 (full 0):
 garbage-first heap   total 92160K, used 50406K [0x0000000080000000, 0x0000000100000000)
  region size 1024K, 3 young (3072K), 3 survivors (3072K)
 Metaspace       used 50951K, capacity 51719K, committed 51836K, reserved 1093632K
  class space    used 6519K, capacity 6709K, committed 6780K, reserved 1048576K
}
Event: 5.230 GC heap before
{Heap before GC invocations=19 (full 0):
 garbage-first heap   total 92160K, used 72934K [0x0000000080000000, 0x0000000100000000)
  region size 1024K, 25 young (25600K), 3 survivors (3072K)
 Metaspace       used 52133K, capacity 52957K, committed 53116K, reserved 1095680K
  class space    used 6663K, capacity 6907K, committed 7036K, reserved 1048576K
}
Event: 5.234 GC heap after
{Heap after GC invocations=20 (full 0):
 garbage-first heap   total 92160K, used 53118K [0x0000000080000000, 0x0000000100000000)
  region size 1024K, 4 young (4096K), 4 survivors (4096K)
 Metaspace       used 52133K, capacity 52957K, committed 53116K, reserved 1095680K
  class space    used 6663K, capacity 6907K, committed 7036K, reserved 1048576K
}
Event: 5.468 GC heap before
{Heap before GC invocations=21 (full 0):
 garbage-first heap   total 97280K, used 72574K [0x0000000080000000, 0x0000000100000000)
  region size 1024K, 23 young (23552K), 4 survivors (4096K)
 Metaspace       used 54348K, capacity 55118K, committed 55420K, reserved 1097728K
  class space    used 6970K, capacity 7201K, committed 7292K, reserved 1048576K
}
Event: 5.472 GC heap after
{Heap after GC invocations=22 (full 0):
 garbage-first heap   total 116736K, used 55168K [0x0000000080000000, 0x0000000100000000)
  region size 1024K, 3 young (3072K), 3 survivors (3072K)
 Metaspace       used 54348K, capacity 55118K, committed 55420K, reserved 1097728K
  class space    used 6970K, capacity 7201K, committed 7292K, reserved 1048576K
}
Event: 5.934 GC heap before
{Heap before GC invocations=22 (full 0):
 garbage-first heap   total 116736K, used 89984K [0x0000000080000000, 0x0000000100000000)
  region size 1024K, 37 young (37888K), 3 survivors (3072K)
 Metaspace       used 58834K, capacity 59703K, committed 60028K, reserved 1101824K
  class space    used 7689K, capacity 7951K, committed 8060K, reserved 1048576K
}
Event: 5.939 GC heap after
{Heap after GC invocations=23 (full 0):
 garbage-first heap   total 116736K, used 57526K [0x0000000080000000, 0x0000000100000000)
  region size 1024K, 5 young (5120K), 5 survivors (5120K)
 Metaspace       used 58834K, capacity 59703K, committed 60028K, reserved 1101824K
  class space    used 7689K, capacity 7951K, committed 8060K, reserved 1048576K
}
Event: 1013.940 GC heap before
{Heap before GC invocations=24 (full 0):
 garbage-first heap   total 116736K, used 90294K [0x0000000080000000, 0x0000000100000000)
  region size 1024K, 38 young (38912K), 5 survivors (5120K)
 Metaspace       used 62678K, capacity 63567K, committed 63868K, reserved 1105920K
  class space    used 7984K, capacity 8211K, committed 8316K, reserved 1048576K
}
Event: 1013.949 GC heap after
{Heap after GC invocations=25 (full 0):
 garbage-first heap   total 116736K, used 58083K [0x0000000080000000, 0x0000000100000000)
  region size 1024K, 4 young (4096K), 4 survivors (4096K)
 Metaspace       used 62678K, capacity 63567K, committed 63868K, reserved 1105920K
  class space    used 7984K, capacity 8211K, committed 8316K, reserved 1048576K
}

