# JRE version: OpenJDK Runtime Environment (8.0_242-b01) (build 1.8.0_242-release-1644-b01)
# Java VM: OpenJDK 64-Bit Server VM (25.242-b01 mixed mode windows-amd64 compressed oops)
Heap:
 PSYoungGen      total 605696K, used 342185K [0x00000000d5580000, 0x0000000100000000, 0x0000000100000000)
  eden space 555520K, 52% used [0x00000000d5580000,0x00000000e72c32b0,0x00000000f7400000)
  from space 50176K, 99% used [0x00000000f7400000,0x00000000fa4e73d8,0x00000000fa500000)
  to   space 74752K, 0% used [0x00000000fb700000,0x00000000fb700000,0x0000000100000000)
 ParOldGen       total 264192K, used 230636K [0x0000000080000000, 0x0000000090200000, 0x00000000d5580000)
  object space 264192K, 87% used [0x0000000080000000,0x000000008e13b300,0x0000000090200000)
 Metaspace       used 189943K, capacity 201284K, committed 201368K, reserved 1224704K
  class space    used 23954K, capacity 25939K, committed 26016K, reserved 1048576K
GC Heap History (10 events):
Event: 2621.502 GC heap before
{Heap before GC invocations=40 (full 5):
 PSYoungGen      total 609792K, used 609772K [0x00000000d5580000, 0x0000000100000000, 0x0000000100000000)
  eden space 543232K, 100% used [0x00000000d5580000,0x00000000f6800000,0x00000000f6800000)
  from space 66560K, 99% used [0x00000000fbf00000,0x00000000ffffb150,0x0000000100000000)
  to   space 77824K, 0% used [0x00000000f6800000,0x00000000f6800000,0x00000000fb400000)
 ParOldGen       total 264192K, used 163492K [0x0000000080000000, 0x0000000090200000, 0x00000000d5580000)
  object space 264192K, 61% used [0x0000000080000000,0x0000000089fa9198,0x0000000090200000)
 Metaspace       used 172020K, capacity 180930K, committed 181144K, reserved 1206272K
  class space    used 21684K, capacity 23344K, committed 23456K, reserved 1048576K
Event: 2621.530 GC heap after
Heap after GC invocations=40 (full 5):
 PSYoungGen      total 621056K, used 27274K [0x00000000d5580000, 0x0000000100000000, 0x0000000100000000)
  eden space 543232K, 0% used [0x00000000d5580000,0x00000000d5580000,0x00000000f6800000)
  from space 77824K, 35% used [0x00000000f6800000,0x00000000f82a2b38,0x00000000fb400000)
  to   space 73728K, 0% used [0x00000000fb800000,0x00000000fb800000,0x0000000100000000)
 ParOldGen       total 264192K, used 199924K [0x0000000080000000, 0x0000000090200000, 0x00000000d5580000)
  object space 264192K, 75% used [0x0000000080000000,0x000000008c33d1f0,0x0000000090200000)
 Metaspace       used 172020K, capacity 180930K, committed 181144K, reserved 1206272K
  class space    used 21684K, capacity 23344K, committed 23456K, reserved 1048576K
}
Event: 2621.804 GC heap before
{Heap before GC invocations=41 (full 5):
 PSYoungGen      total 621056K, used 570506K [0x00000000d5580000, 0x0000000100000000, 0x0000000100000000)
  eden space 543232K, 100% used [0x00000000d5580000,0x00000000f6800000,0x00000000f6800000)
  from space 77824K, 35% used [0x00000000f6800000,0x00000000f82a2b38,0x00000000fb400000)
  to   space 73728K, 0% used [0x00000000fb800000,0x00000000fb800000,0x0000000100000000)
 ParOldGen       total 264192K, used 199928K [0x0000000080000000, 0x0000000090200000, 0x00000000d5580000)
  object space 264192K, 75% used [0x0000000080000000,0x000000008c33e3c8,0x0000000090200000)
 Metaspace       used 172022K, capacity 180930K, committed 181144K, reserved 1206272K
  class space    used 21684K, capacity 23344K, committed 23456K, reserved 1048576K
Event: 2621.818 GC heap after
Heap after GC invocations=41 (full 5):
 PSYoungGen      total 612864K, used 20508K [0x00000000d5580000, 0x00000000ff800000, 0x0000000100000000)
  eden space 547328K, 0% used [0x00000000d5580000,0x00000000d5580000,0x00000000f6c00000)
  from space 65536K, 31% used [0x00000000fb800000,0x00000000fcc07008,0x00000000ff800000)
  to   space 71680K, 0% used [0x00000000f6c00000,0x00000000f6c00000,0x00000000fb200000)
 ParOldGen       total 264192K, used 218987K [0x0000000080000000, 0x0000000090200000, 0x00000000d5580000)
  object space 264192K, 82% used [0x0000000080000000,0x000000008d5dae18,0x0000000090200000)
 Metaspace       used 172022K, capacity 180930K, committed 181144K, reserved 1206272K
  class space    used 21684K, capacity 23344K, committed 23456K, reserved 1048576K
}
Event: 2624.309 GC heap before
{Heap before GC invocations=42 (full 5):
 PSYoungGen      total 612864K, used 567836K [0x00000000d5580000, 0x00000000ff800000, 0x0000000100000000)
  eden space 547328K, 100% used [0x00000000d5580000,0x00000000f6c00000,0x00000000f6c00000)
  from space 65536K, 31% used [0x00000000fb800000,0x00000000fcc07008,0x00000000ff800000)
  to   space 71680K, 0% used [0x00000000f6c00000,0x00000000f6c00000,0x00000000fb200000)
 ParOldGen       total 264192K, used 219050K [0x0000000080000000, 0x0000000090200000, 0x00000000d5580000)
  object space 264192K, 82% used [0x0000000080000000,0x000000008d5eaae0,0x0000000090200000)
 Metaspace       used 173265K, capacity 182194K, committed 182552K, reserved 1208320K
  class space    used 21814K, capacity 23464K, committed 23584K, reserved 1048576K
Event: 2624.320 GC heap after
Heap after GC invocations=42 (full 5):
 PSYoungGen      total 619008K, used 11645K [0x00000000d5580000, 0x0000000100000000, 0x0000000100000000)
  eden space 547328K, 0% used [0x00000000d5580000,0x00000000d5580000,0x00000000f6c00000)
  from space 71680K, 16% used [0x00000000f6c00000,0x00000000f775f5a8,0x00000000fb200000)
  to   space 70656K, 0% used [0x00000000fbb00000,0x00000000fbb00000,0x0000000100000000)
 ParOldGen       total 264192K, used 222960K [0x0000000080000000, 0x0000000090200000, 0x00000000d5580000)
  object space 264192K, 84% used [0x0000000080000000,0x000000008d9bc2b8,0x0000000090200000)
 Metaspace       used 173265K, capacity 182194K, committed 182552K, reserved 1208320K
  class space    used 21814K, capacity 23464K, committed 23584K, reserved 1048576K
}
Event: 2624.885 GC heap before
{Heap before GC invocations=43 (full 5):
 PSYoungGen      total 619008K, used 558973K [0x00000000d5580000, 0x0000000100000000, 0x0000000100000000)
  eden space 547328K, 100% used [0x00000000d5580000,0x00000000f6c00000,0x00000000f6c00000)
  from space 71680K, 16% used [0x00000000f6c00000,0x00000000f775f5a8,0x00000000fb200000)
  to   space 70656K, 0% used [0x00000000fbb00000,0x00000000fbb00000,0x0000000100000000)
 ParOldGen       total 264192K, used 222963K [0x0000000080000000, 0x0000000090200000, 0x00000000d5580000)
  object space 264192K, 84% used [0x0000000080000000,0x000000008d9bcee0,0x0000000090200000)
 Metaspace       used 173296K, capacity 182198K, committed 182552K, reserved 1208320K
  class space    used 21814K, capacity 23464K, committed 23584K, reserved 1048576K
Event: 2624.910 GC heap after
Heap after GC invocations=43 (full 5):
 PSYoungGen      total 626176K, used 42522K [0x00000000d5580000, 0x0000000100000000, 0x0000000100000000)
  eden space 555520K, 0% used [0x00000000d5580000,0x00000000d5580000,0x00000000f7400000)
  from space 70656K, 60% used [0x00000000fbb00000,0x00000000fe4869a0,0x0000000100000000)
  to   space 71680K, 0% used [0x00000000f7400000,0x00000000f7400000,0x00000000fba00000)
 ParOldGen       total 264192K, used 229343K [0x0000000080000000, 0x0000000090200000, 0x00000000d5580000)
  object space 264192K, 86% used [0x0000000080000000,0x000000008dff7f60,0x0000000090200000)
 Metaspace       used 173296K, capacity 182198K, committed 182552K, reserved 1208320K
  class space    used 21814K, capacity 23464K, committed 23584K, reserved 1048576K
}
Event: 2627.241 GC heap before
{Heap before GC invocations=44 (full 5):
 PSYoungGen      total 626176K, used 598042K [0x00000000d5580000, 0x0000000100000000, 0x0000000100000000)
  eden space 555520K, 100% used [0x00000000d5580000,0x00000000f7400000,0x00000000f7400000)
  from space 70656K, 60% used [0x00000000fbb00000,0x00000000fe4869a0,0x0000000100000000)
  to   space 71680K, 0% used [0x00000000f7400000,0x00000000f7400000,0x00000000fba00000)
 ParOldGen       total 264192K, used 229376K [0x0000000080000000, 0x0000000090200000, 0x00000000d5580000)
  object space 264192K, 86% used [0x0000000080000000,0x000000008e0002b0,0x0000000090200000)
 Metaspace       used 188314K, capacity 199568K, committed 199832K, reserved 1222656K
  class space    used 23760K, capacity 25739K, committed 25760K, reserved 1048576K
Event: 2627.277 GC heap after
Heap after GC invocations=44 (full 5):
 PSYoungGen      total 605696K, used 50076K [0x00000000d5580000, 0x0000000100000000, 0x0000000100000000)
  eden space 555520K, 0% used [0x00000000d5580000,0x00000000d5580000,0x00000000f7400000)
  from space 50176K, 99% used [0x00000000f7400000,0x00000000fa4e73d8,0x00000000fa500000)
  to   space 74752K, 0% used [0x00000000fb700000,0x00000000fb700000,0x0000000100000000)
 ParOldGen       total 264192K, used 230636K [0x0000000080000000, 0x0000000090200000, 0x00000000d5580000)
  object space 264192K, 87% used [0x0000000080000000,0x000000008e13b300,0x0000000090200000)
 Metaspace       used 188314K, capacity 199568K, committed 199832K, reserved 1222656K
  class space    used 23760K, capacity 25739K, committed 25760K, reserved 1048576K
}

