# JRE version: OpenJDK Runtime Environment (8.0_242-b01) (build 1.8.0_242-release-1644-b01)
# Java VM: OpenJDK 64-Bit Server VM (25.242-b01 mixed mode windows-amd64 compressed oops)
Heap:
 PSYoungGen      total 454656K, used 137951K [0x00000000d5580000, 0x00000000f6980000, 0x0000000100000000)
  eden space 398336K, 25% used [0x00000000d5580000,0x00000000db768d30,0x00000000eda80000)
  from space 56320K, 66% used [0x00000000eda80000,0x00000000eff4f1d8,0x00000000f1180000)
  to   space 33792K, 0% used [0x00000000f1180000,0x00000000f1180000,0x00000000f3280000)
 ParOldGen       total 240640K, used 118621K [0x0000000080000000, 0x000000008eb00000, 0x00000000d5580000)
  object space 240640K, 49% used [0x0000000080000000,0x00000000873d7648,0x000000008eb00000)
 Metaspace       used 95820K, capacity 100430K, committed 103192K, reserved 1138688K
  class space    used 12796K, capacity 13649K, committed 14384K, reserved 1048576K
GC Heap History (10 events):
Event: 26.851 GC heap before
{Heap before GC invocations=21 (full 3):
 PSYoungGen      total 369664K, used 351675K [0x00000000d5580000, 0x00000000f0b80000, 0x0000000100000000)
  eden space 334848K, 100% used [0x00000000d5580000,0x00000000e9c80000,0x00000000e9c80000)
  from space 34816K, 48% used [0x00000000e9c80000,0x00000000eaceed48,0x00000000ebe80000)
  to   space 33792K, 0% used [0x00000000eea80000,0x00000000eea80000,0x00000000f0b80000)
 ParOldGen       total 110592K, used 70251K [0x0000000080000000, 0x0000000086c00000, 0x00000000d5580000)
  object space 110592K, 63% used [0x0000000080000000,0x000000008449afa8,0x0000000086c00000)
 Metaspace       used 85340K, capacity 91420K, committed 91672K, reserved 1128448K
  class space    used 11761K, capacity 12833K, committed 12848K, reserved 1048576K
Event: 26.867 GC heap after
Heap after GC invocations=21 (full 3):
 PSYoungGen      total 406528K, used 19064K [0x00000000d5580000, 0x00000000f0780000, 0x0000000100000000)
  eden space 376832K, 0% used [0x00000000d5580000,0x00000000d5580000,0x00000000ec580000)
  from space 29696K, 64% used [0x00000000eea80000,0x00000000efd1e248,0x00000000f0780000)
  to   space 33792K, 0% used [0x00000000ec580000,0x00000000ec580000,0x00000000ee680000)
 ParOldGen       total 110592K, used 70259K [0x0000000080000000, 0x0000000086c00000, 0x00000000d5580000)
  object space 110592K, 63% used [0x0000000080000000,0x000000008449cfa8,0x0000000086c00000)
 Metaspace       used 85340K, capacity 91420K, committed 91672K, reserved 1128448K
  class space    used 11761K, capacity 12833K, committed 12848K, reserved 1048576K
}
Event: 28.240 GC heap before
{Heap before GC invocations=22 (full 3):
 PSYoungGen      total 406528K, used 395896K [0x00000000d5580000, 0x00000000f0780000, 0x0000000100000000)
  eden space 376832K, 100% used [0x00000000d5580000,0x00000000ec580000,0x00000000ec580000)
  from space 29696K, 64% used [0x00000000eea80000,0x00000000efd1e248,0x00000000f0780000)
  to   space 33792K, 0% used [0x00000000ec580000,0x00000000ec580000,0x00000000ee680000)
 ParOldGen       total 110592K, used 70259K [0x0000000080000000, 0x0000000086c00000, 0x00000000d5580000)
  object space 110592K, 63% used [0x0000000080000000,0x000000008449cfa8,0x0000000086c00000)
 Metaspace       used 85389K, capacity 91428K, committed 91672K, reserved 1128448K
  class space    used 11764K, capacity 12835K, committed 12848K, reserved 1048576K
Event: 28.253 GC heap after
Heap after GC invocations=22 (full 3):
 PSYoungGen      total 410624K, used 19137K [0x00000000d5580000, 0x00000000f3280000, 0x0000000100000000)
  eden space 376832K, 0% used [0x00000000d5580000,0x00000000d5580000,0x00000000ec580000)
  from space 33792K, 56% used [0x00000000ec580000,0x00000000ed8304e8,0x00000000ee680000)
  to   space 33792K, 0% used [0x00000000f1180000,0x00000000f1180000,0x00000000f3280000)
 ParOldGen       total 110592K, used 70267K [0x0000000080000000, 0x0000000086c00000, 0x00000000d5580000)
  object space 110592K, 63% used [0x0000000080000000,0x000000008449efa8,0x0000000086c00000)
 Metaspace       used 85389K, capacity 91428K, committed 91672K, reserved 1128448K
  class space    used 11764K, capacity 12835K, committed 12848K, reserved 1048576K
}
Event: 30.294 GC heap before
{Heap before GC invocations=23 (full 3):
 PSYoungGen      total 410624K, used 395969K [0x00000000d5580000, 0x00000000f3280000, 0x0000000100000000)
  eden space 376832K, 100% used [0x00000000d5580000,0x00000000ec580000,0x00000000ec580000)
  from space 33792K, 56% used [0x00000000ec580000,0x00000000ed8304e8,0x00000000ee680000)
  to   space 33792K, 0% used [0x00000000f1180000,0x00000000f1180000,0x00000000f3280000)
 ParOldGen       total 110592K, used 70267K [0x0000000080000000, 0x0000000086c00000, 0x00000000d5580000)
  object space 110592K, 63% used [0x0000000080000000,0x000000008449efa8,0x0000000086c00000)
 Metaspace       used 86813K, capacity 93110K, committed 93336K, reserved 1130496K
  class space    used 11880K, capacity 12974K, committed 12976K, reserved 1048576K
Event: 30.375 GC heap after
Heap after GC invocations=23 (full 3):
 PSYoungGen      total 432128K, used 33786K [0x00000000d5580000, 0x00000000f6980000, 0x0000000100000000)
  eden space 398336K, 0% used [0x00000000d5580000,0x00000000d5580000,0x00000000eda80000)
  from space 33792K, 99% used [0x00000000f1180000,0x00000000f327e9a0,0x00000000f3280000)
  to   space 56320K, 0% used [0x00000000eda80000,0x00000000eda80000,0x00000000f1180000)
 ParOldGen       total 118784K, used 118288K [0x0000000080000000, 0x0000000087400000, 0x00000000d5580000)
  object space 118784K, 99% used [0x0000000080000000,0x00000000873842c0,0x0000000087400000)
 Metaspace       used 86813K, capacity 93110K, committed 93336K, reserved 1130496K
  class space    used 11880K, capacity 12974K, committed 12976K, reserved 1048576K
}
Event: 30.375 GC heap before
{Heap before GC invocations=24 (full 4):
 PSYoungGen      total 432128K, used 33786K [0x00000000d5580000, 0x00000000f6980000, 0x0000000100000000)
  eden space 398336K, 0% used [0x00000000d5580000,0x00000000d5580000,0x00000000eda80000)
  from space 33792K, 99% used [0x00000000f1180000,0x00000000f327e9a0,0x00000000f3280000)
  to   space 56320K, 0% used [0x00000000eda80000,0x00000000eda80000,0x00000000f1180000)
 ParOldGen       total 118784K, used 118288K [0x0000000080000000, 0x0000000087400000, 0x00000000d5580000)
  object space 118784K, 99% used [0x0000000080000000,0x00000000873842c0,0x0000000087400000)
 Metaspace       used 86813K, capacity 93110K, committed 93336K, reserved 1130496K
  class space    used 11880K, capacity 12974K, committed 12976K, reserved 1048576K
Event: 31.006 GC heap after
Heap after GC invocations=24 (full 4):
 PSYoungGen      total 432128K, used 5426K [0x00000000d5580000, 0x00000000f6980000, 0x0000000100000000)
  eden space 398336K, 0% used [0x00000000d5580000,0x00000000d5580000,0x00000000eda80000)
  from space 33792K, 16% used [0x00000000f1180000,0x00000000f16ccb30,0x00000000f3280000)
  to   space 56320K, 0% used [0x00000000eda80000,0x00000000eda80000,0x00000000f1180000)
 ParOldGen       total 240640K, used 118581K [0x0000000080000000, 0x000000008eb00000, 0x00000000d5580000)
  object space 240640K, 49% used [0x0000000080000000,0x00000000873cd648,0x000000008eb00000)
 Metaspace       used 85623K, capacity 89962K, committed 93336K, reserved 1130496K
  class space    used 11467K, capacity 12248K, committed 12976K, reserved 1048576K
}
Event: 47.436 GC heap before
{Heap before GC invocations=25 (full 4):
 PSYoungGen      total 432128K, used 403762K [0x00000000d5580000, 0x00000000f6980000, 0x0000000100000000)
  eden space 398336K, 100% used [0x00000000d5580000,0x00000000eda80000,0x00000000eda80000)
  from space 33792K, 16% used [0x00000000f1180000,0x00000000f16ccb30,0x00000000f3280000)
  to   space 56320K, 0% used [0x00000000eda80000,0x00000000eda80000,0x00000000f1180000)
 ParOldGen       total 240640K, used 118581K [0x0000000080000000, 0x000000008eb00000, 0x00000000d5580000)
  object space 240640K, 49% used [0x0000000080000000,0x00000000873cd648,0x000000008eb00000)
 Metaspace       used 90348K, capacity 94804K, committed 97816K, reserved 1134592K
  class space    used 12084K, capacity 12886K, committed 13616K, reserved 1048576K
Event: 47.502 GC heap after
Heap after GC invocations=25 (full 4):
 PSYoungGen      total 454656K, used 37692K [0x00000000d5580000, 0x00000000f6980000, 0x0000000100000000)
  eden space 398336K, 0% used [0x00000000d5580000,0x00000000d5580000,0x00000000eda80000)
  from space 56320K, 66% used [0x00000000eda80000,0x00000000eff4f1d8,0x00000000f1180000)
  to   space 33792K, 0% used [0x00000000f1180000,0x00000000f1180000,0x00000000f3280000)
 ParOldGen       total 240640K, used 118621K [0x0000000080000000, 0x000000008eb00000, 0x00000000d5580000)
  object space 240640K, 49% used [0x0000000080000000,0x00000000873d7648,0x000000008eb00000)
 Metaspace       used 90348K, capacity 94804K, committed 97816K, reserved 1134592K
  class space    used 12084K, capacity 12886K, committed 13616K, reserved 1048576K
}

